<?xml version="1.0" encoding="UTF-8"?>
<!-- Generated by org.testng.reporters.JUnitXMLReporter -->
<testsuite ignored="0" hostname="My_PC" failures="1" tests="2" name="Default test" time="11.763" errors="0" timestamp="2025-05-31T23:30:09 IST">
  <testcase classname="io.cucumber.testng.AbstractTestNGCucumberTests" name="runScenario" time="10.049"/>
  <testcase classname="io.cucumber.testng.AbstractTestNGCucumberTests" name="runScenario" time="0.018">
    <failure type="java.lang.NullPointerException" message="Cannot invoke &amp;quot;org.openqa.selenium.WebDriver.getTitle()&amp;quot; because &amp;quot;this.testContextSetup.driver&amp;quot; is null">
      <![CDATA[java.lang.NullPointerException: Cannot invoke "org.openqa.selenium.WebDriver.getTitle()" because "this.testContextSetup.driver" is null
at stepDefinitions.GreenKart_CheckoutPage.user_is_on_Greenkart_Checkout_page(GreenKart_CheckoutPage.java:21)
at ✽.User is on Greenkart Checkout page(file:///C:/Users/sumer/eclipse-workspace/JavaUIAutomation/src/test/java/featureFiles/GreenKart_Homepage.feature:26)
]]>
    </failure>
  </testcase> <!-- runScenario -->
</testsuite> <!-- Default test -->
