<?xml version="1.0" encoding="UTF-8"?>
<testng-results ignored="0" total="2" passed="2" failed="0" skipped="0">
  <reporter-output>
  </reporter-output>
  <suite started-at="2025-08-12T16:15:33 IST" name="Default suite" finished-at="2025-08-12T16:15:52 IST" duration-ms="19319">
    <groups>
      <group name="cucumber">
        <method signature="AbstractTestNGCucumberTests.runScenario(io.cucumber.testng.PickleWrapper,io.cucumber.testng.FeatureWrapper)[pri:0, instance:testRunner.TestRunner@5b94b04d]" name="runScenario" class="io.cucumber.testng.AbstractTestNGCucumberTests"/>
      </group> <!-- cucumber -->
    </groups>
    <test started-at="2025-08-12T16:15:33 IST" name="Default test" finished-at="2025-08-12T16:15:52 IST" duration-ms="19319">
      <class name="testRunner.TestRunner">
        <test-method is-config="true" signature="setUpClass(org.testng.ITestContext)[pri:0, instance:testRunner.TestRunner@5b94b04d]" started-at="2025-08-12T16:15:33 IST" name="setUpClass" finished-at="2025-08-12T16:15:34 IST" duration-ms="990" status="PASS">
          <params>
            <param index="0">
              <value>
                <![CDATA[org.testng.TestRunner@4a8df3e2]]>
              </value>
            </param>
          </params>
          <reporter-output>
          </reporter-output>
        </test-method> <!-- setUpClass -->
        <test-method signature="runScenario(io.cucumber.testng.PickleWrapper,io.cucumber.testng.FeatureWrapper)[pri:0, instance:testRunner.TestRunner@5b94b04d]" started-at="2025-08-12T16:15:34 IST" name="runScenario" description="Runs Cucumber Scenarios" data-provider="scenarios" finished-at="2025-08-12T16:15:52 IST" duration-ms="17547" status="PASS">
          <params>
            <param index="0">
              <value>
                <![CDATA["Verify user is able to add products to cart and make order 2"]]>
              </value>
            </param>
            <param index="1">
              <value>
                <![CDATA["Verify Green Kart Ordering App."]]>
              </value>
            </param>
          </params>
          <reporter-output>
          </reporter-output>
        </test-method> <!-- runScenario -->
        <test-method signature="runScenario(io.cucumber.testng.PickleWrapper,io.cucumber.testng.FeatureWrapper)[pri:0, instance:testRunner.TestRunner@5b94b04d]" started-at="2025-08-12T16:15:34 IST" name="runScenario" description="Runs Cucumber Scenarios" data-provider="scenarios" finished-at="2025-08-12T16:15:52 IST" duration-ms="17792" status="PASS">
          <params>
            <param index="0">
              <value>
                <![CDATA["Verify user is able to add products to cart and make order"]]>
              </value>
            </param>
            <param index="1">
              <value>
                <![CDATA["Verify Green Kart Ordering App."]]>
              </value>
            </param>
          </params>
          <reporter-output>
          </reporter-output>
        </test-method> <!-- runScenario -->
        <test-method is-config="true" signature="tearDownClass()[pri:0, instance:testRunner.TestRunner@5b94b04d]" started-at="2025-08-12T16:15:52 IST" name="tearDownClass" finished-at="2025-08-12T16:15:52 IST" duration-ms="480" status="PASS">
          <reporter-output>
          </reporter-output>
        </test-method> <!-- tearDownClass -->
      </class> <!-- testRunner.TestRunner -->
    </test> <!-- Default test -->
  </suite> <!-- Default suite -->
</testng-results>
