<?xml version="1.0" encoding="UTF-8"?>
<testng-results ignored="0" total="1" passed="1" failed="0" skipped="0">
  <reporter-output>
  </reporter-output>
  <suite started-at="2025-05-24T14:23:10 IST" name="Default suite" finished-at="2025-05-24T14:23:20 IST" duration-ms="10301">
    <groups>
      <group name="cucumber">
        <method signature="AbstractTestNGCucumberTests.runScenario(io.cucumber.testng.PickleWrapper,io.cucumber.testng.FeatureWrapper)[pri:0, instance:testRunner.TestRunner@24aed80c]" name="runScenario" class="io.cucumber.testng.AbstractTestNGCucumberTests"/>
      </group> <!-- cucumber -->
    </groups>
    <test started-at="2025-05-24T14:23:10 IST" name="Default test" finished-at="2025-05-24T14:23:20 IST" duration-ms="10301">
      <class name="testRunner.TestRunner">
        <test-method is-config="true" signature="setUpClass(org.testng.ITestContext)[pri:0, instance:testRunner.TestRunner@24aed80c]" started-at="2025-05-24T14:23:10 IST" name="setUpClass" finished-at="2025-05-24T14:23:11 IST" duration-ms="687" status="PASS">
          <params>
            <param index="0">
              <value>
                <![CDATA[org.testng.TestRunner@2caa5d7c]]>
              </value>
            </param>
          </params>
          <reporter-output>
          </reporter-output>
        </test-method> <!-- setUpClass -->
        <test-method signature="runScenario(io.cucumber.testng.PickleWrapper,io.cucumber.testng.FeatureWrapper)[pri:0, instance:testRunner.TestRunner@24aed80c]" started-at="2025-05-24T14:23:11 IST" name="runScenario" description="Runs Cucumber Scenarios" data-provider="scenarios" finished-at="2025-05-24T14:23:20 IST" duration-ms="9534" status="PASS">
          <params>
            <param index="0">
              <value>
                <![CDATA["Verify user is able to add products to cart"]]>
              </value>
            </param>
            <param index="1">
              <value>
                <![CDATA["Verify the homepage functionalities of Green Kart Homepage."]]>
              </value>
            </param>
          </params>
          <reporter-output>
          </reporter-output>
        </test-method> <!-- runScenario -->
        <test-method is-config="true" signature="tearDownClass()[pri:0, instance:testRunner.TestRunner@24aed80c]" started-at="2025-05-24T14:23:20 IST" name="tearDownClass" finished-at="2025-05-24T14:23:20 IST" duration-ms="29" status="PASS">
          <reporter-output>
          </reporter-output>
        </test-method> <!-- tearDownClass -->
      </class> <!-- testRunner.TestRunner -->
    </test> <!-- Default test -->
  </suite> <!-- Default suite -->
</testng-results>
