<?xml version="1.0" encoding="UTF-8"?>
<!-- Generated by org.testng.reporters.JUnitReportReporter -->
<testsuite hostname="My_PC" failures="0" tests="2" name="testRunner.TestRunner" time="10.067" errors="1" timestamp="2025-05-31T23:30:09 IST" skipped="0">
  <testcase classname="testRunner.TestRunner" name="runScenario" time="0.018">
    <error message="Cannot invoke &quot;org.openqa.selenium.WebDriver.getTitle()&quot; because &quot;this.testContextSetup.driver&quot; is null" type="java.lang.NullPointerException">
      <![CDATA[java.lang.NullPointerException: Cannot invoke "org.openqa.selenium.WebDriver.getTitle()" because "this.testContextSetup.driver" is null
at stepDefinitions.GreenKart_CheckoutPage.user_is_on_Greenkart_Checkout_page(GreenKart_CheckoutPage.java:21)
at ✽.User is on Greenkart Checkout page(file:///C:/Users/sumer/eclipse-workspace/JavaUIAutomation/src/test/java/featureFiles/GreenKart_Homepage.feature:26)
]]>
    </error>
  </testcase> <!-- runScenario -->
  <testcase classname="testRunner.TestRunner" name="runScenario" time="10.049"/>
</testsuite> <!-- testRunner.TestRunner -->
